2025-05-17 00:13:52,554 INFO PERFORMANCE:|serviceCount|ipCount|subscribeCount|maxPushCost|avgPushCost|totalPushCount|failPushCount

2025-05-17 00:13:52,555 INFO DISTRO:|V1SyncDone|V1SyncFail|V2SyncDone|V2SyncFail|V2VerifyFail|

2025-05-17 00:13:52,556 INFO PERFORMANCE:|0|0|0|-1|-1|0|0

2025-05-17 00:13:52,561 INFO Task worker status: 
naming_0%8, pending tasks: 0
naming_1%8, pending tasks: 0
naming_2%8, pending tasks: 0
naming_3%8, pending tasks: 0
naming_4%8, pending tasks: 0
naming_5%8, pending tasks: 0
naming_6%8, pending tasks: 0
naming_7%8, pending tasks: 0


2025-05-17 00:13:52,562 INFO DISTRO:|0|0|0|

2025-05-17 00:14:52,562 INFO PERFORMANCE:|2|2|1|535|535|1|0

2025-05-17 00:14:52,562 INFO Task worker status: 
naming_0%8, pending tasks: 0
naming_1%8, pending tasks: 0
naming_2%8, pending tasks: 0
naming_3%8, pending tasks: 0
naming_4%8, pending tasks: 0
naming_5%8, pending tasks: 0
naming_6%8, pending tasks: 0
naming_7%8, pending tasks: 0


2025-05-17 00:14:52,562 INFO DISTRO:|0|0|0|

2025-05-17 00:15:52,562 INFO PERFORMANCE:|2|2|1|-1|-1|1|0

2025-05-17 00:15:52,563 INFO Task worker status: 
naming_0%8, pending tasks: 0
naming_1%8, pending tasks: 0
naming_2%8, pending tasks: 0
naming_3%8, pending tasks: 0
naming_4%8, pending tasks: 0
naming_5%8, pending tasks: 0
naming_6%8, pending tasks: 0
naming_7%8, pending tasks: 0


2025-05-17 00:15:52,563 INFO DISTRO:|0|0|0|

2025-05-17 00:16:52,563 INFO PERFORMANCE:|2|2|1|-1|-1|1|0

2025-05-17 00:16:52,563 INFO Task worker status: 
naming_0%8, pending tasks: 0
naming_1%8, pending tasks: 0
naming_2%8, pending tasks: 0
naming_3%8, pending tasks: 0
naming_4%8, pending tasks: 0
naming_5%8, pending tasks: 0
naming_6%8, pending tasks: 0
naming_7%8, pending tasks: 0


2025-05-17 00:16:52,563 INFO DISTRO:|0|0|0|

2025-05-17 00:17:52,563 INFO PERFORMANCE:|2|2|1|-1|-1|1|0

2025-05-17 00:17:52,563 INFO Task worker status: 
naming_0%8, pending tasks: 0
naming_1%8, pending tasks: 0
naming_2%8, pending tasks: 0
naming_3%8, pending tasks: 0
naming_4%8, pending tasks: 0
naming_5%8, pending tasks: 0
naming_6%8, pending tasks: 0
naming_7%8, pending tasks: 0


2025-05-17 00:17:52,563 INFO DISTRO:|0|0|0|

2025-05-17 00:18:52,563 INFO PERFORMANCE:|2|2|1|-1|-1|1|0

2025-05-17 00:18:52,564 INFO Task worker status: 
naming_0%8, pending tasks: 0
naming_1%8, pending tasks: 0
naming_2%8, pending tasks: 0
naming_3%8, pending tasks: 0
naming_4%8, pending tasks: 0
naming_5%8, pending tasks: 0
naming_6%8, pending tasks: 0
naming_7%8, pending tasks: 0


2025-05-17 00:18:52,564 INFO DISTRO:|0|0|0|

2025-05-17 00:19:52,564 INFO PERFORMANCE:|2|2|1|-1|-1|1|0

2025-05-17 00:19:52,564 INFO Task worker status: 
naming_0%8, pending tasks: 0
naming_1%8, pending tasks: 0
naming_2%8, pending tasks: 0
naming_3%8, pending tasks: 0
naming_4%8, pending tasks: 0
naming_5%8, pending tasks: 0
naming_6%8, pending tasks: 0
naming_7%8, pending tasks: 0


2025-05-17 00:19:52,564 INFO DISTRO:|0|0|0|

2025-05-17 00:20:52,564 INFO PERFORMANCE:|2|2|1|-1|-1|1|0

2025-05-17 00:20:52,564 INFO Task worker status: 
naming_0%8, pending tasks: 0
naming_1%8, pending tasks: 0
naming_2%8, pending tasks: 0
naming_3%8, pending tasks: 0
naming_4%8, pending tasks: 0
naming_5%8, pending tasks: 0
naming_6%8, pending tasks: 0
naming_7%8, pending tasks: 0


2025-05-17 00:20:52,564 INFO DISTRO:|0|0|0|

2025-05-17 00:21:52,564 INFO PERFORMANCE:|2|2|1|-1|-1|1|0

2025-05-17 00:21:52,565 INFO Task worker status: 
naming_0%8, pending tasks: 0
naming_1%8, pending tasks: 0
naming_2%8, pending tasks: 0
naming_3%8, pending tasks: 0
naming_4%8, pending tasks: 0
naming_5%8, pending tasks: 0
naming_6%8, pending tasks: 0
naming_7%8, pending tasks: 0


2025-05-17 00:21:52,565 INFO DISTRO:|0|0|0|

2025-05-17 00:22:52,565 INFO PERFORMANCE:|2|2|1|-1|-1|1|0

2025-05-17 00:22:52,565 INFO Task worker status: 
naming_0%8, pending tasks: 0
naming_1%8, pending tasks: 0
naming_2%8, pending tasks: 0
naming_3%8, pending tasks: 0
naming_4%8, pending tasks: 0
naming_5%8, pending tasks: 0
naming_6%8, pending tasks: 0
naming_7%8, pending tasks: 0


2025-05-17 00:22:52,565 INFO DISTRO:|0|0|0|

2025-05-17 00:23:52,565 INFO PERFORMANCE:|serviceCount|ipCount|subscribeCount|maxPushCost|avgPushCost|totalPushCount|failPushCount

2025-05-17 00:23:52,565 INFO DISTRO:|V1SyncDone|V1SyncFail|V2SyncDone|V2SyncFail|V2VerifyFail|

2025-05-17 00:23:52,565 INFO PERFORMANCE:|2|2|1|-1|-1|1|0

2025-05-17 00:23:52,565 INFO Task worker status: 
naming_0%8, pending tasks: 0
naming_1%8, pending tasks: 0
naming_2%8, pending tasks: 0
naming_3%8, pending tasks: 0
naming_4%8, pending tasks: 0
naming_5%8, pending tasks: 0
naming_6%8, pending tasks: 0
naming_7%8, pending tasks: 0


2025-05-17 00:23:52,565 INFO DISTRO:|0|0|0|

2025-05-17 00:24:52,565 INFO PERFORMANCE:|2|2|1|-1|-1|1|0

2025-05-17 00:24:52,565 INFO Task worker status: 
naming_0%8, pending tasks: 0
naming_1%8, pending tasks: 0
naming_2%8, pending tasks: 0
naming_3%8, pending tasks: 0
naming_4%8, pending tasks: 0
naming_5%8, pending tasks: 0
naming_6%8, pending tasks: 0
naming_7%8, pending tasks: 0


2025-05-17 00:24:52,566 INFO DISTRO:|0|0|0|

2025-05-17 00:25:52,566 INFO PERFORMANCE:|2|2|1|-1|-1|1|0

2025-05-17 00:25:52,566 INFO Task worker status: 
naming_0%8, pending tasks: 0
naming_1%8, pending tasks: 0
naming_2%8, pending tasks: 0
naming_3%8, pending tasks: 0
naming_4%8, pending tasks: 0
naming_5%8, pending tasks: 0
naming_6%8, pending tasks: 0
naming_7%8, pending tasks: 0


2025-05-17 00:25:52,566 INFO DISTRO:|0|0|0|

2025-05-17 00:26:52,566 INFO PERFORMANCE:|2|2|1|-1|-1|1|0

2025-05-17 00:26:52,566 INFO Task worker status: 
naming_0%8, pending tasks: 0
naming_1%8, pending tasks: 0
naming_2%8, pending tasks: 0
naming_3%8, pending tasks: 0
naming_4%8, pending tasks: 0
naming_5%8, pending tasks: 0
naming_6%8, pending tasks: 0
naming_7%8, pending tasks: 0


2025-05-17 00:26:52,566 INFO DISTRO:|0|0|0|

2025-05-17 00:27:52,566 INFO PERFORMANCE:|2|2|1|-1|-1|1|0

2025-05-17 00:27:52,566 INFO Task worker status: 
naming_0%8, pending tasks: 0
naming_1%8, pending tasks: 0
naming_2%8, pending tasks: 0
naming_3%8, pending tasks: 0
naming_4%8, pending tasks: 0
naming_5%8, pending tasks: 0
naming_6%8, pending tasks: 0
naming_7%8, pending tasks: 0


2025-05-17 00:27:52,566 INFO DISTRO:|0|0|0|

2025-05-17 00:28:52,567 INFO PERFORMANCE:|2|2|1|-1|-1|1|0

2025-05-17 00:28:52,567 INFO Task worker status: 
naming_0%8, pending tasks: 0
naming_1%8, pending tasks: 0
naming_2%8, pending tasks: 0
naming_3%8, pending tasks: 0
naming_4%8, pending tasks: 0
naming_5%8, pending tasks: 0
naming_6%8, pending tasks: 0
naming_7%8, pending tasks: 0


2025-05-17 00:28:52,567 INFO DISTRO:|0|0|0|

2025-05-17 00:29:52,567 INFO PERFORMANCE:|2|2|1|-1|-1|1|0

2025-05-17 00:29:52,567 INFO Task worker status: 
naming_0%8, pending tasks: 0
naming_1%8, pending tasks: 0
naming_2%8, pending tasks: 0
naming_3%8, pending tasks: 0
naming_4%8, pending tasks: 0
naming_5%8, pending tasks: 0
naming_6%8, pending tasks: 0
naming_7%8, pending tasks: 0


2025-05-17 00:29:52,567 INFO DISTRO:|0|0|0|

2025-05-17 00:30:52,567 INFO PERFORMANCE:|2|2|1|-1|-1|1|0

2025-05-17 00:30:52,567 INFO Task worker status: 
naming_0%8, pending tasks: 0
naming_1%8, pending tasks: 0
naming_2%8, pending tasks: 0
naming_3%8, pending tasks: 0
naming_4%8, pending tasks: 0
naming_5%8, pending tasks: 0
naming_6%8, pending tasks: 0
naming_7%8, pending tasks: 0


2025-05-17 00:30:52,567 INFO DISTRO:|0|0|0|

2025-05-17 00:31:52,567 INFO PERFORMANCE:|2|2|1|-1|-1|1|0

2025-05-17 00:31:52,568 INFO Task worker status: 
naming_0%8, pending tasks: 0
naming_1%8, pending tasks: 0
naming_2%8, pending tasks: 0
naming_3%8, pending tasks: 0
naming_4%8, pending tasks: 0
naming_5%8, pending tasks: 0
naming_6%8, pending tasks: 0
naming_7%8, pending tasks: 0


2025-05-17 00:31:52,568 INFO DISTRO:|0|0|0|

2025-05-17 00:32:52,568 INFO PERFORMANCE:|2|2|1|-1|-1|1|0

2025-05-17 00:32:52,568 INFO Task worker status: 
naming_0%8, pending tasks: 0
naming_1%8, pending tasks: 0
naming_2%8, pending tasks: 0
naming_3%8, pending tasks: 0
naming_4%8, pending tasks: 0
naming_5%8, pending tasks: 0
naming_6%8, pending tasks: 0
naming_7%8, pending tasks: 0


2025-05-17 00:32:52,568 INFO DISTRO:|0|0|0|

2025-05-17 00:33:52,568 INFO PERFORMANCE:|serviceCount|ipCount|subscribeCount|maxPushCost|avgPushCost|totalPushCount|failPushCount

2025-05-17 00:33:52,569 INFO DISTRO:|V1SyncDone|V1SyncFail|V2SyncDone|V2SyncFail|V2VerifyFail|

2025-05-17 00:33:52,569 INFO PERFORMANCE:|2|2|1|-1|-1|1|0

2025-05-17 00:33:52,569 INFO Task worker status: 
naming_0%8, pending tasks: 0
naming_1%8, pending tasks: 0
naming_2%8, pending tasks: 0
naming_3%8, pending tasks: 0
naming_4%8, pending tasks: 0
naming_5%8, pending tasks: 0
naming_6%8, pending tasks: 0
naming_7%8, pending tasks: 0


2025-05-17 00:33:52,569 INFO DISTRO:|0|0|0|

2025-05-17 00:34:52,569 INFO PERFORMANCE:|2|2|1|-1|-1|1|0

2025-05-17 00:34:52,570 INFO Task worker status: 
naming_0%8, pending tasks: 0
naming_1%8, pending tasks: 0
naming_2%8, pending tasks: 0
naming_3%8, pending tasks: 0
naming_4%8, pending tasks: 0
naming_5%8, pending tasks: 0
naming_6%8, pending tasks: 0
naming_7%8, pending tasks: 0


2025-05-17 00:34:52,570 INFO DISTRO:|0|0|0|

2025-05-17 00:35:52,570 INFO PERFORMANCE:|2|2|1|-1|-1|1|0

2025-05-17 00:35:52,570 INFO Task worker status: 
naming_0%8, pending tasks: 0
naming_1%8, pending tasks: 0
naming_2%8, pending tasks: 0
naming_3%8, pending tasks: 0
naming_4%8, pending tasks: 0
naming_5%8, pending tasks: 0
naming_6%8, pending tasks: 0
naming_7%8, pending tasks: 0


2025-05-17 00:35:52,570 INFO DISTRO:|0|0|0|

2025-05-17 00:36:52,570 INFO PERFORMANCE:|2|2|1|-1|-1|1|0

2025-05-17 00:36:52,570 INFO Task worker status: 
naming_0%8, pending tasks: 0
naming_1%8, pending tasks: 0
naming_2%8, pending tasks: 0
naming_3%8, pending tasks: 0
naming_4%8, pending tasks: 0
naming_5%8, pending tasks: 0
naming_6%8, pending tasks: 0
naming_7%8, pending tasks: 0


2025-05-17 00:36:52,570 INFO DISTRO:|0|0|0|

2025-05-17 00:37:52,571 INFO PERFORMANCE:|2|2|1|-1|-1|1|0

2025-05-17 00:37:52,580 INFO Task worker status: 
naming_0%8, pending tasks: 0
naming_1%8, pending tasks: 0
naming_2%8, pending tasks: 0
naming_3%8, pending tasks: 0
naming_4%8, pending tasks: 0
naming_5%8, pending tasks: 0
naming_6%8, pending tasks: 0
naming_7%8, pending tasks: 0


2025-05-17 00:37:52,581 INFO DISTRO:|0|0|0|

2025-05-17 00:38:52,581 INFO PERFORMANCE:|2|2|1|-1|-1|1|0

2025-05-17 00:38:52,581 INFO Task worker status: 
naming_0%8, pending tasks: 0
naming_1%8, pending tasks: 0
naming_2%8, pending tasks: 0
naming_3%8, pending tasks: 0
naming_4%8, pending tasks: 0
naming_5%8, pending tasks: 0
naming_6%8, pending tasks: 0
naming_7%8, pending tasks: 0


2025-05-17 00:38:52,590 INFO DISTRO:|0|0|0|

2025-05-17 00:39:52,591 INFO PERFORMANCE:|2|2|1|-1|-1|1|0

2025-05-17 00:39:52,591 INFO Task worker status: 
naming_0%8, pending tasks: 0
naming_1%8, pending tasks: 0
naming_2%8, pending tasks: 0
naming_3%8, pending tasks: 0
naming_4%8, pending tasks: 0
naming_5%8, pending tasks: 0
naming_6%8, pending tasks: 0
naming_7%8, pending tasks: 0


2025-05-17 00:39:52,591 INFO DISTRO:|0|0|0|

2025-05-17 00:40:52,592 INFO PERFORMANCE:|2|2|1|-1|-1|1|0

2025-05-17 00:40:52,602 INFO Task worker status: 
naming_0%8, pending tasks: 0
naming_1%8, pending tasks: 0
naming_2%8, pending tasks: 0
naming_3%8, pending tasks: 0
naming_4%8, pending tasks: 0
naming_5%8, pending tasks: 0
naming_6%8, pending tasks: 0
naming_7%8, pending tasks: 0


2025-05-17 00:40:52,602 INFO DISTRO:|0|0|0|

2025-05-17 00:41:52,602 INFO PERFORMANCE:|2|2|1|-1|-1|1|0

2025-05-17 00:41:52,604 INFO Task worker status: 
naming_0%8, pending tasks: 0
naming_1%8, pending tasks: 0
naming_2%8, pending tasks: 0
naming_3%8, pending tasks: 0
naming_4%8, pending tasks: 0
naming_5%8, pending tasks: 0
naming_6%8, pending tasks: 0
naming_7%8, pending tasks: 0


2025-05-17 00:41:52,604 INFO DISTRO:|0|0|0|

