2025-05-16 18:15:53,908 INFO Not configure type of control plugin, no limit control for current node.

2025-05-16 18:15:53,910 INFO Load connection metrics collector,size=2,[com.alibaba.nacos.config.server.service.LongPollingConnectionMetricsCollector@636e8cc, com.alibaba.nacos.core.remote.LongConnectionMetricsCollector@14f5da2c]

2025-05-16 18:15:53,911 INFO No connection rule content found ,use default empty rule 

2025-05-16 18:15:53,925 INFO No tps control rule of CONFIG_PUSH_COUNT found,content =null  

2025-05-16 18:15:53,926 WARN Tps point for CONFIG_PUSH_COUNT registered, But tps control manager is no limit implementation.

2025-05-16 18:15:53,926 INFO No tps control rule of CONFIG_PUSH_SUCCESS found,content =null  

2025-05-16 18:15:53,926 WARN Tps point for CONFIG_PUSH_SUCCESS registered, But tps control manager is no limit implementation.

2025-05-16 18:15:53,926 INFO No tps control rule of CONFIG_PUSH_FAIL found,content =null  

2025-05-16 18:15:53,926 WARN Tps point for CONFIG_PUSH_FAIL registered, But tps control manager is no limit implementation.

2025-05-16 18:15:57,743 INFO No tps control rule of ConfigQuery found,content =null  

2025-05-16 18:15:57,743 WARN Tps point for ConfigQuery registered, But tps control manager is no limit implementation.

2025-05-16 18:15:57,743 INFO No tps control rule of ClusterConfigChangeNotify found,content =null  

2025-05-16 18:15:57,743 WARN Tps point for ClusterConfigChangeNotify registered, But tps control manager is no limit implementation.

2025-05-16 18:15:57,754 INFO No tps control rule of ConfigListen found,content =null  

2025-05-16 18:15:57,754 WARN Tps point for ConfigListen registered, But tps control manager is no limit implementation.

2025-05-16 18:15:57,754 INFO No tps control rule of ConfigRemove found,content =null  

2025-05-16 18:15:57,754 WARN Tps point for ConfigRemove registered, But tps control manager is no limit implementation.

2025-05-16 18:15:57,754 INFO No tps control rule of ConfigPublish found,content =null  

2025-05-16 18:15:57,754 WARN Tps point for ConfigPublish registered, But tps control manager is no limit implementation.

2025-05-16 18:15:57,754 INFO No tps control rule of HealthCheck found,content =null  

2025-05-16 18:15:57,754 WARN Tps point for HealthCheck registered, But tps control manager is no limit implementation.

2025-05-16 18:15:57,755 INFO No tps control rule of RemoteNamingServiceQuery found,content =null  

2025-05-16 18:15:57,755 WARN Tps point for RemoteNamingServiceQuery registered, But tps control manager is no limit implementation.

2025-05-16 18:15:57,755 INFO No tps control rule of RemoteNamingInstanceBatchRegister found,content =null  

2025-05-16 18:15:57,755 WARN Tps point for RemoteNamingInstanceBatchRegister registered, But tps control manager is no limit implementation.

2025-05-16 18:15:57,755 INFO No tps control rule of RemoteNamingInstanceRegisterDeregister found,content =null  

2025-05-16 18:15:57,755 WARN Tps point for RemoteNamingInstanceRegisterDeregister registered, But tps control manager is no limit implementation.

2025-05-16 18:15:57,755 INFO No tps control rule of RemoteNamingServiceListQuery found,content =null  

2025-05-16 18:15:57,755 WARN Tps point for RemoteNamingServiceListQuery registered, But tps control manager is no limit implementation.

2025-05-16 18:15:57,755 INFO No tps control rule of RemoteNamingServiceSubscribeUnSubscribe found,content =null  

2025-05-16 18:15:57,755 WARN Tps point for RemoteNamingServiceSubscribeUnSubscribe registered, But tps control manager is no limit implementation.

2025-05-16 18:15:57,755 WARN Tps point for RemoteNamingInstanceRegisterDeregister registered, But tps control manager is no limit implementation.

2025-05-16 18:15:57,756 INFO No tps control rule of NamingInstanceUpdate found,content =null  

2025-05-16 18:15:57,756 WARN Tps point for NamingInstanceUpdate registered, But tps control manager is no limit implementation.

2025-05-16 18:15:57,756 INFO No tps control rule of NamingServiceRegister found,content =null  

2025-05-16 18:15:57,756 WARN Tps point for NamingServiceRegister registered, But tps control manager is no limit implementation.

2025-05-16 18:15:57,756 INFO No tps control rule of NamingInstanceDeregister found,content =null  

2025-05-16 18:15:57,756 WARN Tps point for NamingInstanceDeregister registered, But tps control manager is no limit implementation.

2025-05-16 18:15:57,756 INFO No tps control rule of NamingInstanceMetadataUpdate found,content =null  

2025-05-16 18:15:57,756 WARN Tps point for NamingInstanceMetadataUpdate registered, But tps control manager is no limit implementation.

2025-05-16 18:15:57,756 WARN Tps point for NamingServiceRegister registered, But tps control manager is no limit implementation.

2025-05-16 18:15:57,756 INFO No tps control rule of NamingInstanceQuery found,content =null  

2025-05-16 18:15:57,756 WARN Tps point for NamingInstanceQuery registered, But tps control manager is no limit implementation.

2025-05-16 18:15:57,756 INFO No tps control rule of HttpHealthCheck found,content =null  

2025-05-16 18:15:57,756 WARN Tps point for HttpHealthCheck registered, But tps control manager is no limit implementation.

2025-05-16 18:15:57,756 WARN Tps point for NamingInstanceUpdate registered, But tps control manager is no limit implementation.

2025-05-16 18:15:57,756 INFO No tps control rule of NamingServiceQuery found,content =null  

2025-05-16 18:15:57,756 WARN Tps point for NamingServiceQuery registered, But tps control manager is no limit implementation.

2025-05-16 18:15:57,756 INFO No tps control rule of NamingServiceDeregister found,content =null  

2025-05-16 18:15:57,756 WARN Tps point for NamingServiceDeregister registered, But tps control manager is no limit implementation.

2025-05-16 18:15:57,756 INFO No tps control rule of NamingServiceListQuery found,content =null  

2025-05-16 18:15:57,756 WARN Tps point for NamingServiceListQuery registered, But tps control manager is no limit implementation.

2025-05-16 18:15:57,756 INFO No tps control rule of NamingInstanceRegister found,content =null  

2025-05-16 18:15:57,756 WARN Tps point for NamingInstanceRegister registered, But tps control manager is no limit implementation.

2025-05-16 18:15:57,756 INFO No tps control rule of NamingServiceSubscribe found,content =null  

2025-05-16 18:15:57,756 WARN Tps point for NamingServiceSubscribe registered, But tps control manager is no limit implementation.

2025-05-16 18:15:57,756 WARN Tps point for NamingServiceDeregister registered, But tps control manager is no limit implementation.

2025-05-16 18:15:57,756 WARN Tps point for ConfigPublish registered, But tps control manager is no limit implementation.

2025-05-16 18:15:57,757 INFO No tps control rule of NamingServiceUpdate found,content =null  

2025-05-16 18:15:57,757 WARN Tps point for NamingServiceUpdate registered, But tps control manager is no limit implementation.

2025-05-16 18:15:57,757 WARN Tps point for HttpHealthCheck registered, But tps control manager is no limit implementation.

2025-05-16 18:15:57,757 WARN Tps point for NamingServiceQuery registered, But tps control manager is no limit implementation.

2025-05-16 18:15:57,757 WARN Tps point for NamingServiceSubscribe registered, But tps control manager is no limit implementation.

2025-05-16 18:15:57,757 WARN Tps point for NamingInstanceMetadataUpdate registered, But tps control manager is no limit implementation.

2025-05-16 18:15:57,757 WARN Tps point for NamingInstanceRegister registered, But tps control manager is no limit implementation.

2025-05-16 18:15:57,757 WARN Tps point for NamingInstanceDeregister registered, But tps control manager is no limit implementation.

2025-05-16 18:15:57,757 WARN Tps point for NamingServiceUpdate registered, But tps control manager is no limit implementation.

2025-05-16 18:15:57,757 WARN Tps point for NamingInstanceMetadataUpdate registered, But tps control manager is no limit implementation.

2025-05-16 18:15:57,757 WARN Tps point for NamingInstanceMetadataUpdate registered, But tps control manager is no limit implementation.

2025-05-16 18:15:57,757 WARN Tps point for NamingServiceListQuery registered, But tps control manager is no limit implementation.

2025-05-16 18:15:57,757 WARN Tps point for ConfigQuery registered, But tps control manager is no limit implementation.

2025-05-16 18:15:57,757 WARN Tps point for NamingInstanceQuery registered, But tps control manager is no limit implementation.

2025-05-16 18:18:06,296 INFO Not configure type of control plugin, no limit control for current node.

2025-05-16 18:18:06,299 INFO Load connection metrics collector,size=2,[com.alibaba.nacos.config.server.service.LongPollingConnectionMetricsCollector@749c877b, com.alibaba.nacos.core.remote.LongConnectionMetricsCollector@16ecee1]

2025-05-16 18:18:06,300 INFO No connection rule content found ,use default empty rule 

2025-05-16 18:18:06,316 INFO No tps control rule of CONFIG_PUSH_COUNT found,content =null  

2025-05-16 18:18:06,317 WARN Tps point for CONFIG_PUSH_COUNT registered, But tps control manager is no limit implementation.

2025-05-16 18:18:06,317 INFO No tps control rule of CONFIG_PUSH_SUCCESS found,content =null  

2025-05-16 18:18:06,317 WARN Tps point for CONFIG_PUSH_SUCCESS registered, But tps control manager is no limit implementation.

2025-05-16 18:18:06,317 INFO No tps control rule of CONFIG_PUSH_FAIL found,content =null  

2025-05-16 18:18:06,317 WARN Tps point for CONFIG_PUSH_FAIL registered, But tps control manager is no limit implementation.

2025-05-16 18:18:09,530 INFO No tps control rule of ConfigQuery found,content =null  

2025-05-16 18:18:09,530 WARN Tps point for ConfigQuery registered, But tps control manager is no limit implementation.

2025-05-16 18:18:09,530 INFO No tps control rule of ClusterConfigChangeNotify found,content =null  

2025-05-16 18:18:09,530 WARN Tps point for ClusterConfigChangeNotify registered, But tps control manager is no limit implementation.

2025-05-16 18:18:09,539 INFO No tps control rule of ConfigListen found,content =null  

2025-05-16 18:18:09,539 WARN Tps point for ConfigListen registered, But tps control manager is no limit implementation.

2025-05-16 18:18:09,539 INFO No tps control rule of ConfigRemove found,content =null  

2025-05-16 18:18:09,539 WARN Tps point for ConfigRemove registered, But tps control manager is no limit implementation.

2025-05-16 18:18:09,539 INFO No tps control rule of ConfigPublish found,content =null  

2025-05-16 18:18:09,539 WARN Tps point for ConfigPublish registered, But tps control manager is no limit implementation.

2025-05-16 18:18:09,539 INFO No tps control rule of HealthCheck found,content =null  

2025-05-16 18:18:09,539 WARN Tps point for HealthCheck registered, But tps control manager is no limit implementation.

2025-05-16 18:18:09,540 INFO No tps control rule of RemoteNamingServiceQuery found,content =null  

2025-05-16 18:18:09,540 WARN Tps point for RemoteNamingServiceQuery registered, But tps control manager is no limit implementation.

2025-05-16 18:18:09,540 INFO No tps control rule of RemoteNamingInstanceBatchRegister found,content =null  

2025-05-16 18:18:09,540 WARN Tps point for RemoteNamingInstanceBatchRegister registered, But tps control manager is no limit implementation.

2025-05-16 18:18:09,540 INFO No tps control rule of RemoteNamingInstanceRegisterDeregister found,content =null  

2025-05-16 18:18:09,540 WARN Tps point for RemoteNamingInstanceRegisterDeregister registered, But tps control manager is no limit implementation.

2025-05-16 18:18:09,540 INFO No tps control rule of RemoteNamingServiceListQuery found,content =null  

2025-05-16 18:18:09,540 WARN Tps point for RemoteNamingServiceListQuery registered, But tps control manager is no limit implementation.

2025-05-16 18:18:09,540 INFO No tps control rule of RemoteNamingServiceSubscribeUnSubscribe found,content =null  

2025-05-16 18:18:09,540 WARN Tps point for RemoteNamingServiceSubscribeUnSubscribe registered, But tps control manager is no limit implementation.

2025-05-16 18:18:09,540 WARN Tps point for RemoteNamingInstanceRegisterDeregister registered, But tps control manager is no limit implementation.

2025-05-16 18:18:09,541 WARN Tps point for ConfigPublish registered, But tps control manager is no limit implementation.

2025-05-16 18:18:09,541 INFO No tps control rule of NamingInstanceRegister found,content =null  

2025-05-16 18:18:09,541 WARN Tps point for NamingInstanceRegister registered, But tps control manager is no limit implementation.

2025-05-16 18:18:09,541 INFO No tps control rule of NamingInstanceMetadataUpdate found,content =null  

2025-05-16 18:18:09,541 WARN Tps point for NamingInstanceMetadataUpdate registered, But tps control manager is no limit implementation.

2025-05-16 18:18:09,541 WARN Tps point for ConfigQuery registered, But tps control manager is no limit implementation.

2025-05-16 18:18:09,541 INFO No tps control rule of NamingServiceQuery found,content =null  

2025-05-16 18:18:09,541 WARN Tps point for NamingServiceQuery registered, But tps control manager is no limit implementation.

2025-05-16 18:18:09,541 WARN Tps point for NamingInstanceRegister registered, But tps control manager is no limit implementation.

2025-05-16 18:18:09,541 WARN Tps point for NamingInstanceMetadataUpdate registered, But tps control manager is no limit implementation.

2025-05-16 18:18:09,541 INFO No tps control rule of NamingInstanceDeregister found,content =null  

2025-05-16 18:18:09,541 WARN Tps point for NamingInstanceDeregister registered, But tps control manager is no limit implementation.

2025-05-16 18:18:09,541 INFO No tps control rule of NamingInstanceUpdate found,content =null  

2025-05-16 18:18:09,541 WARN Tps point for NamingInstanceUpdate registered, But tps control manager is no limit implementation.

2025-05-16 18:18:09,541 WARN Tps point for NamingInstanceMetadataUpdate registered, But tps control manager is no limit implementation.

2025-05-16 18:18:09,541 INFO No tps control rule of NamingServiceRegister found,content =null  

2025-05-16 18:18:09,541 WARN Tps point for NamingServiceRegister registered, But tps control manager is no limit implementation.

2025-05-16 18:18:09,541 INFO No tps control rule of HttpHealthCheck found,content =null  

2025-05-16 18:18:09,541 WARN Tps point for HttpHealthCheck registered, But tps control manager is no limit implementation.

2025-05-16 18:18:09,541 WARN Tps point for NamingInstanceMetadataUpdate registered, But tps control manager is no limit implementation.

2025-05-16 18:18:09,541 INFO No tps control rule of NamingInstanceQuery found,content =null  

2025-05-16 18:18:09,541 WARN Tps point for NamingInstanceQuery registered, But tps control manager is no limit implementation.

2025-05-16 18:18:09,542 INFO No tps control rule of NamingServiceListQuery found,content =null  

2025-05-16 18:18:09,542 WARN Tps point for NamingServiceListQuery registered, But tps control manager is no limit implementation.

2025-05-16 18:18:09,542 INFO No tps control rule of NamingServiceUpdate found,content =null  

2025-05-16 18:18:09,542 WARN Tps point for NamingServiceUpdate registered, But tps control manager is no limit implementation.

2025-05-16 18:18:09,542 WARN Tps point for NamingInstanceDeregister registered, But tps control manager is no limit implementation.

2025-05-16 18:18:09,542 INFO No tps control rule of NamingServiceDeregister found,content =null  

2025-05-16 18:18:09,542 WARN Tps point for NamingServiceDeregister registered, But tps control manager is no limit implementation.

2025-05-16 18:18:09,542 WARN Tps point for NamingInstanceQuery registered, But tps control manager is no limit implementation.

2025-05-16 18:18:09,542 INFO No tps control rule of NamingServiceSubscribe found,content =null  

2025-05-16 18:18:09,542 WARN Tps point for NamingServiceSubscribe registered, But tps control manager is no limit implementation.

2025-05-16 18:18:09,542 WARN Tps point for NamingServiceSubscribe registered, But tps control manager is no limit implementation.

2025-05-16 18:18:09,542 WARN Tps point for NamingServiceDeregister registered, But tps control manager is no limit implementation.

2025-05-16 18:18:09,542 WARN Tps point for NamingServiceQuery registered, But tps control manager is no limit implementation.

2025-05-16 18:18:09,542 WARN Tps point for NamingInstanceUpdate registered, But tps control manager is no limit implementation.

2025-05-16 18:18:09,542 WARN Tps point for NamingServiceRegister registered, But tps control manager is no limit implementation.

2025-05-16 18:18:09,542 WARN Tps point for NamingServiceUpdate registered, But tps control manager is no limit implementation.

2025-05-16 18:18:09,542 WARN Tps point for NamingServiceListQuery registered, But tps control manager is no limit implementation.

2025-05-16 18:18:09,542 WARN Tps point for HttpHealthCheck registered, But tps control manager is no limit implementation.

2025-05-16 18:50:50,202 INFO Not configure type of control plugin, no limit control for current node.

2025-05-16 18:50:50,209 INFO Load connection metrics collector,size=2,[com.alibaba.nacos.config.server.service.LongPollingConnectionMetricsCollector@354fc8f0, com.alibaba.nacos.core.remote.LongConnectionMetricsCollector@4678a2eb]

2025-05-16 18:50:50,210 INFO No connection rule content found ,use default empty rule 

2025-05-16 18:50:50,237 INFO No tps control rule of CONFIG_PUSH_COUNT found,content =null  

2025-05-16 18:50:50,237 WARN Tps point for CONFIG_PUSH_COUNT registered, But tps control manager is no limit implementation.

2025-05-16 18:50:50,237 INFO No tps control rule of CONFIG_PUSH_SUCCESS found,content =null  

2025-05-16 18:50:50,237 WARN Tps point for CONFIG_PUSH_SUCCESS registered, But tps control manager is no limit implementation.

2025-05-16 18:50:50,237 INFO No tps control rule of CONFIG_PUSH_FAIL found,content =null  

2025-05-16 18:50:50,237 WARN Tps point for CONFIG_PUSH_FAIL registered, But tps control manager is no limit implementation.

2025-05-16 18:50:54,999 INFO No tps control rule of ConfigQuery found,content =null  

2025-05-16 18:50:54,999 WARN Tps point for ConfigQuery registered, But tps control manager is no limit implementation.

2025-05-16 18:50:55,000 INFO No tps control rule of ClusterConfigChangeNotify found,content =null  

2025-05-16 18:50:55,000 WARN Tps point for ClusterConfigChangeNotify registered, But tps control manager is no limit implementation.

2025-05-16 18:50:55,021 INFO No tps control rule of ConfigListen found,content =null  

2025-05-16 18:50:55,021 WARN Tps point for ConfigListen registered, But tps control manager is no limit implementation.

2025-05-16 18:50:55,021 INFO No tps control rule of ConfigRemove found,content =null  

2025-05-16 18:50:55,022 WARN Tps point for ConfigRemove registered, But tps control manager is no limit implementation.

2025-05-16 18:50:55,022 INFO No tps control rule of ConfigPublish found,content =null  

2025-05-16 18:50:55,022 WARN Tps point for ConfigPublish registered, But tps control manager is no limit implementation.

2025-05-16 18:50:55,022 INFO No tps control rule of HealthCheck found,content =null  

2025-05-16 18:50:55,022 WARN Tps point for HealthCheck registered, But tps control manager is no limit implementation.

2025-05-16 18:50:55,022 INFO No tps control rule of RemoteNamingServiceQuery found,content =null  

2025-05-16 18:50:55,022 WARN Tps point for RemoteNamingServiceQuery registered, But tps control manager is no limit implementation.

2025-05-16 18:50:55,022 INFO No tps control rule of RemoteNamingInstanceBatchRegister found,content =null  

2025-05-16 18:50:55,022 WARN Tps point for RemoteNamingInstanceBatchRegister registered, But tps control manager is no limit implementation.

2025-05-16 18:50:55,023 INFO No tps control rule of RemoteNamingInstanceRegisterDeregister found,content =null  

2025-05-16 18:50:55,023 WARN Tps point for RemoteNamingInstanceRegisterDeregister registered, But tps control manager is no limit implementation.

2025-05-16 18:50:55,023 INFO No tps control rule of RemoteNamingServiceListQuery found,content =null  

2025-05-16 18:50:55,023 WARN Tps point for RemoteNamingServiceListQuery registered, But tps control manager is no limit implementation.

2025-05-16 18:50:55,023 INFO No tps control rule of RemoteNamingServiceSubscribeUnSubscribe found,content =null  

2025-05-16 18:50:55,023 WARN Tps point for RemoteNamingServiceSubscribeUnSubscribe registered, But tps control manager is no limit implementation.

2025-05-16 18:50:55,023 WARN Tps point for RemoteNamingInstanceRegisterDeregister registered, But tps control manager is no limit implementation.

2025-05-16 18:50:55,024 INFO No tps control rule of NamingServiceDeregister found,content =null  

2025-05-16 18:50:55,024 WARN Tps point for NamingServiceDeregister registered, But tps control manager is no limit implementation.

2025-05-16 18:50:55,024 INFO No tps control rule of NamingServiceQuery found,content =null  

2025-05-16 18:50:55,024 WARN Tps point for NamingServiceQuery registered, But tps control manager is no limit implementation.

2025-05-16 18:50:55,024 INFO No tps control rule of NamingServiceRegister found,content =null  

2025-05-16 18:50:55,025 WARN Tps point for NamingServiceRegister registered, But tps control manager is no limit implementation.

2025-05-16 18:50:55,025 INFO No tps control rule of NamingInstanceMetadataUpdate found,content =null  

2025-05-16 18:50:55,025 WARN Tps point for NamingInstanceMetadataUpdate registered, But tps control manager is no limit implementation.

2025-05-16 18:50:55,025 INFO No tps control rule of NamingServiceSubscribe found,content =null  

2025-05-16 18:50:55,025 WARN Tps point for NamingServiceSubscribe registered, But tps control manager is no limit implementation.

2025-05-16 18:50:55,025 WARN Tps point for NamingServiceRegister registered, But tps control manager is no limit implementation.

2025-05-16 18:50:55,025 WARN Tps point for NamingInstanceMetadataUpdate registered, But tps control manager is no limit implementation.

2025-05-16 18:50:55,025 INFO No tps control rule of NamingServiceListQuery found,content =null  

2025-05-16 18:50:55,025 WARN Tps point for NamingServiceListQuery registered, But tps control manager is no limit implementation.

2025-05-16 18:50:55,025 INFO No tps control rule of NamingInstanceQuery found,content =null  

2025-05-16 18:50:55,026 WARN Tps point for NamingInstanceQuery registered, But tps control manager is no limit implementation.

2025-05-16 18:50:55,026 WARN Tps point for ConfigQuery registered, But tps control manager is no limit implementation.

2025-05-16 18:50:55,026 INFO No tps control rule of NamingInstanceDeregister found,content =null  

2025-05-16 18:50:55,026 WARN Tps point for NamingInstanceDeregister registered, But tps control manager is no limit implementation.

2025-05-16 18:50:55,026 WARN Tps point for NamingInstanceMetadataUpdate registered, But tps control manager is no limit implementation.

2025-05-16 18:50:55,026 INFO No tps control rule of NamingServiceUpdate found,content =null  

2025-05-16 18:50:55,026 WARN Tps point for NamingServiceUpdate registered, But tps control manager is no limit implementation.

2025-05-16 18:50:55,026 WARN Tps point for NamingInstanceQuery registered, But tps control manager is no limit implementation.

2025-05-16 18:50:55,026 INFO No tps control rule of NamingInstanceRegister found,content =null  

2025-05-16 18:50:55,026 WARN Tps point for NamingInstanceRegister registered, But tps control manager is no limit implementation.

2025-05-16 18:50:55,026 WARN Tps point for NamingInstanceMetadataUpdate registered, But tps control manager is no limit implementation.

2025-05-16 18:50:55,026 WARN Tps point for NamingInstanceRegister registered, But tps control manager is no limit implementation.

2025-05-16 18:50:55,026 INFO No tps control rule of NamingInstanceUpdate found,content =null  

2025-05-16 18:50:55,026 WARN Tps point for NamingInstanceUpdate registered, But tps control manager is no limit implementation.

2025-05-16 18:50:55,027 WARN Tps point for ConfigPublish registered, But tps control manager is no limit implementation.

2025-05-16 18:50:55,027 WARN Tps point for NamingServiceListQuery registered, But tps control manager is no limit implementation.

2025-05-16 18:50:55,027 INFO No tps control rule of HttpHealthCheck found,content =null  

2025-05-16 18:50:55,027 WARN Tps point for HttpHealthCheck registered, But tps control manager is no limit implementation.

2025-05-16 18:50:55,027 WARN Tps point for HttpHealthCheck registered, But tps control manager is no limit implementation.

2025-05-16 18:50:55,027 WARN Tps point for NamingInstanceDeregister registered, But tps control manager is no limit implementation.

2025-05-16 18:50:55,027 WARN Tps point for NamingInstanceUpdate registered, But tps control manager is no limit implementation.

2025-05-16 18:50:55,027 WARN Tps point for NamingServiceDeregister registered, But tps control manager is no limit implementation.

2025-05-16 18:50:55,027 WARN Tps point for NamingServiceQuery registered, But tps control manager is no limit implementation.

2025-05-16 18:50:55,028 WARN Tps point for NamingServiceSubscribe registered, But tps control manager is no limit implementation.

2025-05-16 18:50:55,028 WARN Tps point for NamingServiceUpdate registered, But tps control manager is no limit implementation.

2025-05-16 18:54:21,306 INFO Not configure type of control plugin, no limit control for current node.

2025-05-16 18:54:21,310 INFO Load connection metrics collector,size=2,[com.alibaba.nacos.config.server.service.LongPollingConnectionMetricsCollector@2fea7088, com.alibaba.nacos.core.remote.LongConnectionMetricsCollector@51cd7ffc]

2025-05-16 18:54:21,311 INFO No connection rule content found ,use default empty rule 

2025-05-16 18:54:21,328 INFO No tps control rule of CONFIG_PUSH_COUNT found,content =null  

2025-05-16 18:54:21,328 WARN Tps point for CONFIG_PUSH_COUNT registered, But tps control manager is no limit implementation.

2025-05-16 18:54:21,328 INFO No tps control rule of CONFIG_PUSH_SUCCESS found,content =null  

2025-05-16 18:54:21,328 WARN Tps point for CONFIG_PUSH_SUCCESS registered, But tps control manager is no limit implementation.

2025-05-16 18:54:21,328 INFO No tps control rule of CONFIG_PUSH_FAIL found,content =null  

2025-05-16 18:54:21,328 WARN Tps point for CONFIG_PUSH_FAIL registered, But tps control manager is no limit implementation.

2025-05-16 18:54:24,992 INFO No tps control rule of ConfigQuery found,content =null  

2025-05-16 18:54:24,992 WARN Tps point for ConfigQuery registered, But tps control manager is no limit implementation.

2025-05-16 18:54:24,992 INFO No tps control rule of ClusterConfigChangeNotify found,content =null  

2025-05-16 18:54:24,992 WARN Tps point for ClusterConfigChangeNotify registered, But tps control manager is no limit implementation.

2025-05-16 18:54:25,006 INFO No tps control rule of ConfigListen found,content =null  

2025-05-16 18:54:25,006 WARN Tps point for ConfigListen registered, But tps control manager is no limit implementation.

2025-05-16 18:54:25,006 INFO No tps control rule of ConfigRemove found,content =null  

2025-05-16 18:54:25,006 WARN Tps point for ConfigRemove registered, But tps control manager is no limit implementation.

2025-05-16 18:54:25,006 INFO No tps control rule of ConfigPublish found,content =null  

2025-05-16 18:54:25,006 WARN Tps point for ConfigPublish registered, But tps control manager is no limit implementation.

2025-05-16 18:54:25,006 INFO No tps control rule of HealthCheck found,content =null  

2025-05-16 18:54:25,006 WARN Tps point for HealthCheck registered, But tps control manager is no limit implementation.

2025-05-16 18:54:25,006 INFO No tps control rule of RemoteNamingServiceQuery found,content =null  

2025-05-16 18:54:25,006 WARN Tps point for RemoteNamingServiceQuery registered, But tps control manager is no limit implementation.

2025-05-16 18:54:25,007 INFO No tps control rule of RemoteNamingInstanceBatchRegister found,content =null  

2025-05-16 18:54:25,007 WARN Tps point for RemoteNamingInstanceBatchRegister registered, But tps control manager is no limit implementation.

2025-05-16 18:54:25,007 INFO No tps control rule of RemoteNamingInstanceRegisterDeregister found,content =null  

2025-05-16 18:54:25,007 WARN Tps point for RemoteNamingInstanceRegisterDeregister registered, But tps control manager is no limit implementation.

2025-05-16 18:54:25,007 INFO No tps control rule of RemoteNamingServiceListQuery found,content =null  

2025-05-16 18:54:25,007 WARN Tps point for RemoteNamingServiceListQuery registered, But tps control manager is no limit implementation.

2025-05-16 18:54:25,007 INFO No tps control rule of RemoteNamingServiceSubscribeUnSubscribe found,content =null  

2025-05-16 18:54:25,007 WARN Tps point for RemoteNamingServiceSubscribeUnSubscribe registered, But tps control manager is no limit implementation.

2025-05-16 18:54:25,007 WARN Tps point for RemoteNamingInstanceRegisterDeregister registered, But tps control manager is no limit implementation.

2025-05-16 18:54:25,008 INFO No tps control rule of NamingServiceQuery found,content =null  

2025-05-16 18:54:25,008 WARN Tps point for NamingServiceQuery registered, But tps control manager is no limit implementation.

2025-05-16 18:54:25,008 INFO No tps control rule of NamingInstanceUpdate found,content =null  

2025-05-16 18:54:25,008 WARN Tps point for NamingInstanceUpdate registered, But tps control manager is no limit implementation.

2025-05-16 18:54:25,008 WARN Tps point for ConfigPublish registered, But tps control manager is no limit implementation.

2025-05-16 18:54:25,008 INFO No tps control rule of NamingServiceRegister found,content =null  

2025-05-16 18:54:25,008 WARN Tps point for NamingServiceRegister registered, But tps control manager is no limit implementation.

2025-05-16 18:54:25,008 INFO No tps control rule of NamingServiceDeregister found,content =null  

2025-05-16 18:54:25,008 WARN Tps point for NamingServiceDeregister registered, But tps control manager is no limit implementation.

2025-05-16 18:54:25,008 INFO No tps control rule of NamingInstanceRegister found,content =null  

2025-05-16 18:54:25,008 WARN Tps point for NamingInstanceRegister registered, But tps control manager is no limit implementation.

2025-05-16 18:54:25,008 INFO No tps control rule of NamingServiceSubscribe found,content =null  

2025-05-16 18:54:25,008 WARN Tps point for NamingServiceSubscribe registered, But tps control manager is no limit implementation.

2025-05-16 18:54:25,008 INFO No tps control rule of HttpHealthCheck found,content =null  

2025-05-16 18:54:25,008 WARN Tps point for HttpHealthCheck registered, But tps control manager is no limit implementation.

2025-05-16 18:54:25,008 INFO No tps control rule of NamingInstanceQuery found,content =null  

2025-05-16 18:54:25,008 WARN Tps point for NamingInstanceQuery registered, But tps control manager is no limit implementation.

2025-05-16 18:54:25,008 INFO No tps control rule of NamingInstanceMetadataUpdate found,content =null  

2025-05-16 18:54:25,008 WARN Tps point for NamingInstanceMetadataUpdate registered, But tps control manager is no limit implementation.

2025-05-16 18:54:25,008 WARN Tps point for NamingServiceDeregister registered, But tps control manager is no limit implementation.

2025-05-16 18:54:25,008 WARN Tps point for NamingServiceQuery registered, But tps control manager is no limit implementation.

2025-05-16 18:54:25,008 WARN Tps point for NamingServiceSubscribe registered, But tps control manager is no limit implementation.

2025-05-16 18:54:25,008 INFO No tps control rule of NamingServiceUpdate found,content =null  

2025-05-16 18:54:25,008 WARN Tps point for NamingServiceUpdate registered, But tps control manager is no limit implementation.

2025-05-16 18:54:25,008 INFO No tps control rule of NamingServiceListQuery found,content =null  

2025-05-16 18:54:25,008 WARN Tps point for NamingServiceListQuery registered, But tps control manager is no limit implementation.

2025-05-16 18:54:25,008 WARN Tps point for NamingInstanceRegister registered, But tps control manager is no limit implementation.

2025-05-16 18:54:25,009 INFO No tps control rule of NamingInstanceDeregister found,content =null  

2025-05-16 18:54:25,009 WARN Tps point for NamingInstanceDeregister registered, But tps control manager is no limit implementation.

2025-05-16 18:54:25,009 WARN Tps point for ConfigQuery registered, But tps control manager is no limit implementation.

2025-05-16 18:54:25,009 WARN Tps point for NamingInstanceMetadataUpdate registered, But tps control manager is no limit implementation.

2025-05-16 18:54:25,009 WARN Tps point for NamingInstanceMetadataUpdate registered, But tps control manager is no limit implementation.

2025-05-16 18:54:25,009 WARN Tps point for HttpHealthCheck registered, But tps control manager is no limit implementation.

2025-05-16 18:54:25,009 WARN Tps point for NamingServiceUpdate registered, But tps control manager is no limit implementation.

2025-05-16 18:54:25,009 WARN Tps point for NamingInstanceUpdate registered, But tps control manager is no limit implementation.

2025-05-16 18:54:25,009 WARN Tps point for NamingInstanceMetadataUpdate registered, But tps control manager is no limit implementation.

2025-05-16 18:54:25,009 WARN Tps point for NamingInstanceQuery registered, But tps control manager is no limit implementation.

2025-05-16 18:54:25,009 WARN Tps point for NamingServiceRegister registered, But tps control manager is no limit implementation.

2025-05-16 18:54:25,009 WARN Tps point for NamingServiceListQuery registered, But tps control manager is no limit implementation.

2025-05-16 18:54:25,009 WARN Tps point for NamingInstanceDeregister registered, But tps control manager is no limit implementation.

2025-05-16 19:22:20,238 INFO Not configure type of control plugin, no limit control for current node.

2025-05-16 19:22:20,243 INFO Load connection metrics collector,size=2,[com.alibaba.nacos.config.server.service.LongPollingConnectionMetricsCollector@40f1be1b, com.alibaba.nacos.core.remote.LongConnectionMetricsCollector@6f2cb653]

2025-05-16 19:22:20,244 INFO No connection rule content found ,use default empty rule 

2025-05-16 19:22:20,268 INFO No tps control rule of CONFIG_PUSH_COUNT found,content =null  

2025-05-16 19:22:20,268 WARN Tps point for CONFIG_PUSH_COUNT registered, But tps control manager is no limit implementation.

2025-05-16 19:22:20,268 INFO No tps control rule of CONFIG_PUSH_SUCCESS found,content =null  

2025-05-16 19:22:20,268 WARN Tps point for CONFIG_PUSH_SUCCESS registered, But tps control manager is no limit implementation.

2025-05-16 19:22:20,268 INFO No tps control rule of CONFIG_PUSH_FAIL found,content =null  

2025-05-16 19:22:20,268 WARN Tps point for CONFIG_PUSH_FAIL registered, But tps control manager is no limit implementation.

2025-05-16 19:22:24,578 INFO No tps control rule of ConfigQuery found,content =null  

2025-05-16 19:22:24,579 WARN Tps point for ConfigQuery registered, But tps control manager is no limit implementation.

2025-05-16 19:22:24,579 INFO No tps control rule of ClusterConfigChangeNotify found,content =null  

2025-05-16 19:22:24,579 WARN Tps point for ClusterConfigChangeNotify registered, But tps control manager is no limit implementation.

2025-05-16 19:22:24,595 INFO No tps control rule of ConfigListen found,content =null  

2025-05-16 19:22:24,595 WARN Tps point for ConfigListen registered, But tps control manager is no limit implementation.

2025-05-16 19:22:24,595 INFO No tps control rule of ConfigRemove found,content =null  

2025-05-16 19:22:24,595 WARN Tps point for ConfigRemove registered, But tps control manager is no limit implementation.

2025-05-16 19:22:24,595 INFO No tps control rule of ConfigPublish found,content =null  

2025-05-16 19:22:24,595 WARN Tps point for ConfigPublish registered, But tps control manager is no limit implementation.

2025-05-16 19:22:24,595 INFO No tps control rule of HealthCheck found,content =null  

2025-05-16 19:22:24,595 WARN Tps point for HealthCheck registered, But tps control manager is no limit implementation.

2025-05-16 19:22:24,596 INFO No tps control rule of RemoteNamingServiceQuery found,content =null  

2025-05-16 19:22:24,596 WARN Tps point for RemoteNamingServiceQuery registered, But tps control manager is no limit implementation.

2025-05-16 19:22:24,596 INFO No tps control rule of RemoteNamingInstanceBatchRegister found,content =null  

2025-05-16 19:22:24,596 WARN Tps point for RemoteNamingInstanceBatchRegister registered, But tps control manager is no limit implementation.

2025-05-16 19:22:24,596 INFO No tps control rule of RemoteNamingInstanceRegisterDeregister found,content =null  

2025-05-16 19:22:24,596 WARN Tps point for RemoteNamingInstanceRegisterDeregister registered, But tps control manager is no limit implementation.

2025-05-16 19:22:24,596 INFO No tps control rule of RemoteNamingServiceListQuery found,content =null  

2025-05-16 19:22:24,596 WARN Tps point for RemoteNamingServiceListQuery registered, But tps control manager is no limit implementation.

2025-05-16 19:22:24,596 INFO No tps control rule of RemoteNamingServiceSubscribeUnSubscribe found,content =null  

2025-05-16 19:22:24,596 WARN Tps point for RemoteNamingServiceSubscribeUnSubscribe registered, But tps control manager is no limit implementation.

2025-05-16 19:22:24,597 WARN Tps point for RemoteNamingInstanceRegisterDeregister registered, But tps control manager is no limit implementation.

2025-05-16 19:22:24,597 INFO No tps control rule of NamingInstanceUpdate found,content =null  

2025-05-16 19:22:24,597 WARN Tps point for NamingInstanceUpdate registered, But tps control manager is no limit implementation.

2025-05-16 19:22:24,597 INFO No tps control rule of NamingInstanceRegister found,content =null  

2025-05-16 19:22:24,597 WARN Tps point for NamingInstanceRegister registered, But tps control manager is no limit implementation.

2025-05-16 19:22:24,597 INFO No tps control rule of NamingInstanceMetadataUpdate found,content =null  

2025-05-16 19:22:24,597 WARN Tps point for NamingInstanceMetadataUpdate registered, But tps control manager is no limit implementation.

2025-05-16 19:22:24,597 WARN Tps point for ConfigQuery registered, But tps control manager is no limit implementation.

2025-05-16 19:22:24,597 INFO No tps control rule of NamingServiceListQuery found,content =null  

2025-05-16 19:22:24,598 WARN Tps point for NamingServiceListQuery registered, But tps control manager is no limit implementation.

2025-05-16 19:22:24,598 INFO No tps control rule of NamingInstanceQuery found,content =null  

2025-05-16 19:22:24,598 WARN Tps point for NamingInstanceQuery registered, But tps control manager is no limit implementation.

2025-05-16 19:22:24,598 INFO No tps control rule of NamingInstanceDeregister found,content =null  

2025-05-16 19:22:24,598 WARN Tps point for NamingInstanceDeregister registered, But tps control manager is no limit implementation.

2025-05-16 19:22:24,598 INFO No tps control rule of NamingServiceRegister found,content =null  

2025-05-16 19:22:24,598 WARN Tps point for NamingServiceRegister registered, But tps control manager is no limit implementation.

2025-05-16 19:22:24,598 WARN Tps point for NamingInstanceMetadataUpdate registered, But tps control manager is no limit implementation.

2025-05-16 19:22:24,598 WARN Tps point for NamingServiceListQuery registered, But tps control manager is no limit implementation.

2025-05-16 19:22:24,598 WARN Tps point for NamingInstanceQuery registered, But tps control manager is no limit implementation.

2025-05-16 19:22:24,598 INFO No tps control rule of NamingServiceUpdate found,content =null  

2025-05-16 19:22:24,598 WARN Tps point for NamingServiceUpdate registered, But tps control manager is no limit implementation.

2025-05-16 19:22:24,598 INFO No tps control rule of NamingServiceDeregister found,content =null  

2025-05-16 19:22:24,598 WARN Tps point for NamingServiceDeregister registered, But tps control manager is no limit implementation.

2025-05-16 19:22:24,598 WARN Tps point for NamingInstanceRegister registered, But tps control manager is no limit implementation.

2025-05-16 19:22:24,598 WARN Tps point for NamingServiceRegister registered, But tps control manager is no limit implementation.

2025-05-16 19:22:24,598 INFO No tps control rule of HttpHealthCheck found,content =null  

2025-05-16 19:22:24,598 WARN Tps point for HttpHealthCheck registered, But tps control manager is no limit implementation.

2025-05-16 19:22:24,598 INFO No tps control rule of NamingServiceSubscribe found,content =null  

2025-05-16 19:22:24,598 WARN Tps point for NamingServiceSubscribe registered, But tps control manager is no limit implementation.

2025-05-16 19:22:24,598 WARN Tps point for HttpHealthCheck registered, But tps control manager is no limit implementation.

2025-05-16 19:22:24,598 WARN Tps point for NamingServiceUpdate registered, But tps control manager is no limit implementation.

2025-05-16 19:22:24,598 WARN Tps point for NamingServiceDeregister registered, But tps control manager is no limit implementation.

2025-05-16 19:22:24,598 INFO No tps control rule of NamingServiceQuery found,content =null  

2025-05-16 19:22:24,599 WARN Tps point for NamingServiceQuery registered, But tps control manager is no limit implementation.

2025-05-16 19:22:24,599 WARN Tps point for ConfigPublish registered, But tps control manager is no limit implementation.

2025-05-16 19:22:24,599 WARN Tps point for NamingInstanceMetadataUpdate registered, But tps control manager is no limit implementation.

2025-05-16 19:22:24,599 WARN Tps point for NamingInstanceMetadataUpdate registered, But tps control manager is no limit implementation.

2025-05-16 19:22:24,599 WARN Tps point for NamingServiceSubscribe registered, But tps control manager is no limit implementation.

2025-05-16 19:22:24,599 WARN Tps point for NamingServiceQuery registered, But tps control manager is no limit implementation.

2025-05-16 19:22:24,599 WARN Tps point for NamingInstanceDeregister registered, But tps control manager is no limit implementation.

2025-05-16 19:22:24,599 WARN Tps point for NamingInstanceUpdate registered, But tps control manager is no limit implementation.

2025-05-16 20:10:19,934 INFO Not configure type of control plugin, no limit control for current node.

2025-05-16 20:10:19,938 INFO Load connection metrics collector,size=2,[com.alibaba.nacos.config.server.service.LongPollingConnectionMetricsCollector@13c3c1e1, com.alibaba.nacos.core.remote.LongConnectionMetricsCollector@1e63ec0b]

2025-05-16 20:10:19,939 INFO No connection rule content found ,use default empty rule 

2025-05-16 20:10:19,956 INFO No tps control rule of CONFIG_PUSH_COUNT found,content =null  

2025-05-16 20:10:19,956 WARN Tps point for CONFIG_PUSH_COUNT registered, But tps control manager is no limit implementation.

2025-05-16 20:10:19,956 INFO No tps control rule of CONFIG_PUSH_SUCCESS found,content =null  

2025-05-16 20:10:19,956 WARN Tps point for CONFIG_PUSH_SUCCESS registered, But tps control manager is no limit implementation.

2025-05-16 20:10:19,956 INFO No tps control rule of CONFIG_PUSH_FAIL found,content =null  

2025-05-16 20:10:19,956 WARN Tps point for CONFIG_PUSH_FAIL registered, But tps control manager is no limit implementation.

2025-05-16 20:10:24,337 INFO No tps control rule of ConfigQuery found,content =null  

2025-05-16 20:10:24,338 WARN Tps point for ConfigQuery registered, But tps control manager is no limit implementation.

2025-05-16 20:10:24,338 INFO No tps control rule of ClusterConfigChangeNotify found,content =null  

2025-05-16 20:10:24,338 WARN Tps point for ClusterConfigChangeNotify registered, But tps control manager is no limit implementation.

2025-05-16 20:10:24,351 INFO No tps control rule of ConfigListen found,content =null  

2025-05-16 20:10:24,351 WARN Tps point for ConfigListen registered, But tps control manager is no limit implementation.

2025-05-16 20:10:24,351 INFO No tps control rule of ConfigRemove found,content =null  

2025-05-16 20:10:24,351 WARN Tps point for ConfigRemove registered, But tps control manager is no limit implementation.

2025-05-16 20:10:24,351 INFO No tps control rule of ConfigPublish found,content =null  

2025-05-16 20:10:24,351 WARN Tps point for ConfigPublish registered, But tps control manager is no limit implementation.

2025-05-16 20:10:24,351 INFO No tps control rule of HealthCheck found,content =null  

2025-05-16 20:10:24,351 WARN Tps point for HealthCheck registered, But tps control manager is no limit implementation.

2025-05-16 20:10:24,352 INFO No tps control rule of RemoteNamingServiceQuery found,content =null  

2025-05-16 20:10:24,352 WARN Tps point for RemoteNamingServiceQuery registered, But tps control manager is no limit implementation.

2025-05-16 20:10:24,352 INFO No tps control rule of RemoteNamingInstanceBatchRegister found,content =null  

2025-05-16 20:10:24,352 WARN Tps point for RemoteNamingInstanceBatchRegister registered, But tps control manager is no limit implementation.

2025-05-16 20:10:24,352 INFO No tps control rule of RemoteNamingInstanceRegisterDeregister found,content =null  

2025-05-16 20:10:24,352 WARN Tps point for RemoteNamingInstanceRegisterDeregister registered, But tps control manager is no limit implementation.

2025-05-16 20:10:24,352 INFO No tps control rule of RemoteNamingServiceListQuery found,content =null  

2025-05-16 20:10:24,352 WARN Tps point for RemoteNamingServiceListQuery registered, But tps control manager is no limit implementation.

2025-05-16 20:10:24,352 INFO No tps control rule of RemoteNamingServiceSubscribeUnSubscribe found,content =null  

2025-05-16 20:10:24,353 WARN Tps point for RemoteNamingServiceSubscribeUnSubscribe registered, But tps control manager is no limit implementation.

2025-05-16 20:10:24,353 WARN Tps point for RemoteNamingInstanceRegisterDeregister registered, But tps control manager is no limit implementation.

2025-05-16 20:10:24,353 WARN Tps point for ConfigPublish registered, But tps control manager is no limit implementation.

2025-05-16 20:10:24,353 INFO No tps control rule of NamingServiceDeregister found,content =null  

2025-05-16 20:10:24,353 WARN Tps point for NamingServiceDeregister registered, But tps control manager is no limit implementation.

2025-05-16 20:10:24,353 INFO No tps control rule of NamingServiceUpdate found,content =null  

2025-05-16 20:10:24,353 WARN Tps point for NamingServiceUpdate registered, But tps control manager is no limit implementation.

2025-05-16 20:10:24,353 INFO No tps control rule of NamingServiceSubscribe found,content =null  

2025-05-16 20:10:24,353 WARN Tps point for NamingServiceSubscribe registered, But tps control manager is no limit implementation.

2025-05-16 20:10:24,353 WARN Tps point for NamingServiceDeregister registered, But tps control manager is no limit implementation.

2025-05-16 20:10:24,353 WARN Tps point for ConfigQuery registered, But tps control manager is no limit implementation.

2025-05-16 20:10:24,353 INFO No tps control rule of NamingServiceListQuery found,content =null  

2025-05-16 20:10:24,353 WARN Tps point for NamingServiceListQuery registered, But tps control manager is no limit implementation.

2025-05-16 20:10:24,353 INFO No tps control rule of NamingInstanceQuery found,content =null  

2025-05-16 20:10:24,353 WARN Tps point for NamingInstanceQuery registered, But tps control manager is no limit implementation.

2025-05-16 20:10:24,353 INFO No tps control rule of NamingServiceQuery found,content =null  

2025-05-16 20:10:24,353 WARN Tps point for NamingServiceQuery registered, But tps control manager is no limit implementation.

2025-05-16 20:10:24,353 INFO No tps control rule of NamingInstanceRegister found,content =null  

2025-05-16 20:10:24,353 WARN Tps point for NamingInstanceRegister registered, But tps control manager is no limit implementation.

2025-05-16 20:10:24,353 INFO No tps control rule of NamingInstanceUpdate found,content =null  

2025-05-16 20:10:24,354 WARN Tps point for NamingInstanceUpdate registered, But tps control manager is no limit implementation.

2025-05-16 20:10:24,354 INFO No tps control rule of NamingInstanceMetadataUpdate found,content =null  

2025-05-16 20:10:24,354 WARN Tps point for NamingInstanceMetadataUpdate registered, But tps control manager is no limit implementation.

2025-05-16 20:10:24,354 WARN Tps point for NamingInstanceMetadataUpdate registered, But tps control manager is no limit implementation.

2025-05-16 20:10:24,354 INFO No tps control rule of NamingInstanceDeregister found,content =null  

2025-05-16 20:10:24,354 WARN Tps point for NamingInstanceDeregister registered, But tps control manager is no limit implementation.

2025-05-16 20:10:24,354 WARN Tps point for NamingServiceQuery registered, But tps control manager is no limit implementation.

2025-05-16 20:10:24,354 WARN Tps point for NamingInstanceMetadataUpdate registered, But tps control manager is no limit implementation.

2025-05-16 20:10:24,354 INFO No tps control rule of HttpHealthCheck found,content =null  

2025-05-16 20:10:24,354 WARN Tps point for HttpHealthCheck registered, But tps control manager is no limit implementation.

2025-05-16 20:10:24,354 INFO No tps control rule of NamingServiceRegister found,content =null  

2025-05-16 20:10:24,354 WARN Tps point for NamingServiceRegister registered, But tps control manager is no limit implementation.

2025-05-16 20:10:24,354 WARN Tps point for NamingInstanceDeregister registered, But tps control manager is no limit implementation.

2025-05-16 20:10:24,354 WARN Tps point for NamingServiceSubscribe registered, But tps control manager is no limit implementation.

2025-05-16 20:10:24,354 WARN Tps point for NamingInstanceMetadataUpdate registered, But tps control manager is no limit implementation.

2025-05-16 20:10:24,354 WARN Tps point for NamingInstanceQuery registered, But tps control manager is no limit implementation.

2025-05-16 20:10:24,354 WARN Tps point for NamingInstanceRegister registered, But tps control manager is no limit implementation.

2025-05-16 20:10:24,354 WARN Tps point for NamingServiceUpdate registered, But tps control manager is no limit implementation.

2025-05-16 20:10:24,354 WARN Tps point for HttpHealthCheck registered, But tps control manager is no limit implementation.

2025-05-16 20:10:24,354 WARN Tps point for NamingServiceRegister registered, But tps control manager is no limit implementation.

2025-05-16 20:10:24,354 WARN Tps point for NamingServiceListQuery registered, But tps control manager is no limit implementation.

2025-05-16 20:10:24,354 WARN Tps point for NamingInstanceUpdate registered, But tps control manager is no limit implementation.

